d:\_learningopengl\animationproject\animpro\debug\vc142.pdb
d:\_learningopengl\animationproject\animpro\debug\vc142.idb
d:\_learningopengl\animationproject\animpro\debug\glad.obj
d:\_learningopengl\animationproject\animpro\debug\cgltf.obj
d:\_learningopengl\animationproject\animpro\debug\winmain.obj
d:\_learningopengl\animationproject\animpro\debug\texture.obj
d:\_learningopengl\animationproject\animpro\debug\stb_image.obj
d:\_learningopengl\animationproject\animpro\debug\indexbuffer.obj
d:\_learningopengl\animationproject\animpro\debug\draw.obj
d:\_learningopengl\animationproject\animpro\debug\pose.obj
d:\_learningopengl\animationproject\animpro\debug\clip.obj
d:\_learningopengl\animationproject\animpro\debug\transformtrack.obj
d:\_learningopengl\animationproject\animpro\debug\testmain.obj
d:\_learningopengl\animationproject\animpro\debug\shader.obj
d:\_learningopengl\animationproject\animpro\debug\track.obj
d:\_learningopengl\animationproject\animpro\debug\gltfloader.obj
d:\_learningopengl\animationproject\animpro\debug\attribute.obj
d:\_learningopengl\animationproject\animpro\debug\mesh.obj
d:\_learningopengl\animationproject\animpro\debug\skeleton.obj
d:\_learningopengl\animationproject\animpro\debug\rearrangebones.obj
d:\_learningopengl\animationproject\animpro\debug\crossfadecontroller.obj
d:\_learningopengl\animationproject\animpro\debug\blending.obj
d:\_learningopengl\animationproject\animpro\debug\fabriksolver.obj
d:\_learningopengl\animationproject\animpro\debug\ccdsolver.obj
d:\_learningopengl\animationproject\animpro\debug\intersection.obj
d:\_learningopengl\animationproject\animpro\debug\ikleg.obj
d:\_learningopengl\animationproject\animpro\debug\debugdraw.obj
d:\_learningopengl\animationproject\animpro\debug\uniform.obj
d:\_learningopengl\animationproject\animpro\debug\dualquaternion.obj
d:\_learningopengl\animationproject\animpro\debug\crowd.obj
d:\_learningopengl\animationproject\animpro\debug\animtexture.obj
d:\_learningopengl\animationproject\animpro\debug\animbaker.obj
d:\_learningopengl\animationproject\animpro\debug\attribute.obj.enc
d:\_learningopengl\animationproject\animpro\debug\clip.obj.enc
d:\_learningopengl\animationproject\animpro\debug\gltfloader.obj.enc
d:\_learningopengl\animationproject\animpro\debug\mesh.obj.enc
d:\_learningopengl\animationproject\animpro\debug\pose.obj.enc
d:\_learningopengl\animationproject\animpro\debug\skeleton.obj.enc
d:\_learningopengl\animationproject\animpro\debug\testmain.obj.enc
d:\_learningopengl\animationproject\animpro\debug\track.obj.enc
d:\_learningopengl\animationproject\animpro\debug\transformtrack.obj.enc
d:\_learningopengl\animationproject\animpro\debug\winmain.obj.enc
d:\_learningopengl\animationproject\animpro\debug\animpro.tlog\cl.command.1.tlog
d:\_learningopengl\animationproject\animpro\debug\animpro.tlog\cl.read.1.tlog
d:\_learningopengl\animationproject\animpro\debug\animpro.tlog\cl.write.1.tlog
d:\_learningopengl\animationproject\animpro\debug\animpro.tlog\link.18180-cvtres.read.1.tlog
d:\_learningopengl\animationproject\animpro\debug\animpro.tlog\link.18180-cvtres.write.1.tlog
d:\_learningopengl\animationproject\animpro\debug\animpro.tlog\link.18180-rc.read.1.tlog
d:\_learningopengl\animationproject\animpro\debug\animpro.tlog\link.18180-rc.write.1.tlog
d:\_learningopengl\animationproject\animpro\debug\animpro.tlog\link.18180.read.1.tlog
d:\_learningopengl\animationproject\animpro\debug\animpro.tlog\link.18180.write.1.tlog
d:\_learningopengl\animationproject\animpro\debug\animpro.tlog\link.command.1.tlog
d:\_learningopengl\animationproject\animpro\debug\animpro.tlog\link.read.1.tlog
d:\_learningopengl\animationproject\animpro\debug\animpro.tlog\link.write.1.tlog
